0 info it worked if it ends with ok
1 verbose cli [ '/usr/bin/nodejs', '/usr/bin/npm', 'install', '-g', 'node' ]
2 info using npm@1.4.21
3 info using node@v0.10.25
4 verbose cache add [ 'node', null ]
5 verbose cache add name=undefined spec="node" args=["node",null]
6 verbose parsed url { protocol: null,
6 verbose parsed url   slashes: null,
6 verbose parsed url   auth: null,
6 verbose parsed url   host: null,
6 verbose parsed url   port: null,
6 verbose parsed url   hostname: null,
6 verbose parsed url   hash: null,
6 verbose parsed url   search: null,
6 verbose parsed url   query: null,
6 verbose parsed url   pathname: 'node',
6 verbose parsed url   path: 'node',
6 verbose parsed url   href: 'node' }
7 silly lockFile f8e966d1-node node
8 verbose lock node /home/asiebert/.npm/f8e966d1-node.lock
9 silly lockFile f8e966d1-node node
10 silly lockFile f8e966d1-node node
11 verbose addNamed [ 'node', '' ]
12 verbose addNamed [ null, '*' ]
13 silly lockFile bccd7aa1-node node@
14 verbose lock node@ /home/asiebert/.npm/bccd7aa1-node.lock
15 silly addNameRange { name: 'node', range: '*', hasData: false }
16 verbose request where is /node
17 verbose request registry https://registry.npmjs.org/
18 verbose request id c50e08105d9b0a07
19 verbose url raw /node
20 verbose url resolving [ 'https://registry.npmjs.org/', './node' ]
21 verbose url resolved https://registry.npmjs.org/node
22 verbose request where is https://registry.npmjs.org/node
23 info trying registry request attempt 1 at 23:38:10
24 http GET https://registry.npmjs.org/node
25 http 200 https://registry.npmjs.org/node
26 silly registry.get cb [ 200,
26 silly registry.get   { server: 'CouchDB/1.5.0 (Erlang OTP/R16B03)',
26 silly registry.get     etag: '"4RB0I162TMBFF7IWMPCBRMD3L"',
26 silly registry.get     'content-type': 'application/json',
26 silly registry.get     'content-encoding': 'gzip',
26 silly registry.get     'cache-control': 'max-age=300',
26 silly registry.get     'content-length': '569',
26 silly registry.get     'accept-ranges': 'bytes',
26 silly registry.get     date: 'Wed, 18 May 2016 21:38:11 GMT',
26 silly registry.get     via: '1.1 varnish',
26 silly registry.get     age: '0',
26 silly registry.get     connection: 'keep-alive',
26 silly registry.get     'x-served-by': 'cache-ams4136-AMS',
26 silly registry.get     'x-cache': 'HIT',
26 silly registry.get     'x-cache-hits': '1',
26 silly registry.get     'x-timer': 'S1463607490.876247,VS0,VE726',
26 silly registry.get     vary: 'Accept-Encoding' } ]
27 silly addNameRange number 2 { name: 'node', range: '*', hasData: true }
28 silly addNameRange versions [ 'node', [ '0.0.0' ] ]
29 verbose addNamed [ 'node', '0.0.0' ]
30 verbose addNamed [ '0.0.0', '0.0.0' ]
31 silly lockFile c321b6ea-node-0-0-0 node@0.0.0
32 verbose lock node@0.0.0 /home/asiebert/.npm/c321b6ea-node-0-0-0.lock
33 warn deprecated node@0.0.0: To update or install node, go to http://nodejs.org/
34 silly lockFile 5a02160b-ry-npmjs-org-node-node-0-0-0-tgz https://registry.npmjs.org/node/-/node-0.0.0.tgz
35 verbose lock https://registry.npmjs.org/node/-/node-0.0.0.tgz /home/asiebert/.npm/5a02160b-ry-npmjs-org-node-node-0-0-0-tgz.lock
36 verbose addRemoteTarball [ 'https://registry.npmjs.org/node/-/node-0.0.0.tgz',
36 verbose addRemoteTarball   '288d62f90530c763eff8d4831ee7343ab3d60793' ]
37 info retry fetch attempt 1 at 23:38:11
38 verbose fetch to= /tmp/npm-10041-BgdmNrLA/registry.npmjs.org/node/-/node-0.0.0.tgz
39 http GET https://registry.npmjs.org/node/-/node-0.0.0.tgz
40 http 200 https://registry.npmjs.org/node/-/node-0.0.0.tgz
41 silly lockFile 5a02160b-ry-npmjs-org-node-node-0-0-0-tgz https://registry.npmjs.org/node/-/node-0.0.0.tgz
42 silly lockFile 5a02160b-ry-npmjs-org-node-node-0-0-0-tgz https://registry.npmjs.org/node/-/node-0.0.0.tgz
43 silly lockFile c321b6ea-node-0-0-0 node@0.0.0
44 silly lockFile c321b6ea-node-0-0-0 node@0.0.0
45 silly lockFile bccd7aa1-node node@
46 silly lockFile bccd7aa1-node node@
47 silly resolved [ { name: 'node',
47 silly resolved     version: '0.0.0',
47 silly resolved     _npmUser: { name: 'isaacs', email: 'i@izs.me' },
47 silly resolved     _id: 'node@0.0.0',
47 silly resolved     dependencies: {},
47 silly resolved     devDependencies: {},
47 silly resolved     optionalDependencies: {},
47 silly resolved     engines: { node: '*' },
47 silly resolved     _engineSupported: true,
47 silly resolved     _npmVersion: '1.1.21',
47 silly resolved     _nodeVersion: 'v0.7.9-pre',
47 silly resolved     _defaultsLoaded: true,
47 silly resolved     dist:
47 silly resolved      { shasum: '288d62f90530c763eff8d4831ee7343ab3d60793',
47 silly resolved        tarball: 'https://registry.npmjs.org/node/-/node-0.0.0.tgz' },
47 silly resolved     maintainers: [ [Object] ],
47 silly resolved     directories: {},
47 silly resolved     deprecated: 'To update or install node, go to http://nodejs.org/',
47 silly resolved     homepage: 'http://nodejs.org/api',
47 silly resolved     _shasum: '288d62f90530c763eff8d4831ee7343ab3d60793',
47 silly resolved     _from: 'node@',
47 silly resolved     _resolved: 'https://registry.npmjs.org/node/-/node-0.0.0.tgz' } ]
48 info install node@0.0.0 into /usr/local/lib
49 info installOne node@0.0.0
50 verbose lib/node_modules/node unbuild
51 verbose tar unpack /home/asiebert/.npm/node/0.0.0/package.tgz
52 silly lockFile 8630672c--usr-local-lib-node-modules-node tar:///usr/local/lib/node_modules/node
53 verbose lock tar:///usr/local/lib/node_modules/node /home/asiebert/.npm/8630672c--usr-local-lib-node-modules-node.lock
54 silly lockFile 46b074aa-ebert-npm-node-0-0-0-package-tgz tar:///home/asiebert/.npm/node/0.0.0/package.tgz
55 verbose lock tar:///home/asiebert/.npm/node/0.0.0/package.tgz /home/asiebert/.npm/46b074aa-ebert-npm-node-0-0-0-package-tgz.lock
56 silly gunzTarPerm modes [ '775', '664' ]
57 error tar.unpack untar error /home/asiebert/.npm/node/0.0.0/package.tgz
58 silly lockFile 8630672c--usr-local-lib-node-modules-node tar:///usr/local/lib/node_modules/node
59 silly lockFile 8630672c--usr-local-lib-node-modules-node tar:///usr/local/lib/node_modules/node
60 silly lockFile 46b074aa-ebert-npm-node-0-0-0-package-tgz tar:///home/asiebert/.npm/node/0.0.0/package.tgz
61 silly lockFile 46b074aa-ebert-npm-node-0-0-0-package-tgz tar:///home/asiebert/.npm/node/0.0.0/package.tgz
62 verbose lib/node_modules/node unbuild
63 error Error: EACCES, mkdir '/usr/local/lib/node_modules'
63 error  { [Error: EACCES, mkdir '/usr/local/lib/node_modules']
63 error   errno: 3,
63 error   code: 'EACCES',
63 error   path: '/usr/local/lib/node_modules',
63 error   fstream_type: 'Directory',
63 error   fstream_path: '/usr/local/lib/node_modules/node',
63 error   fstream_class: 'DirWriter',
63 error   fstream_stack:
63 error    [ '/usr/lib/nodejs/fstream/lib/writer.js:171:23',
63 error      '/usr/lib/nodejs/mkdirp/index.js:46:53',
63 error      'Object.oncomplete (fs.js:107:15)' ] }
64 error Please try running this command again as root/Administrator.
65 error System Linux 4.2.0-35-generic
66 error command "/usr/bin/nodejs" "/usr/bin/npm" "install" "-g" "node"
67 error cwd /home/asiebert/projects/rest-api-mock
68 error node -v v0.10.25
69 error npm -v 1.4.21
70 error path /usr/local/lib/node_modules
71 error fstream_path /usr/local/lib/node_modules/node
72 error fstream_type Directory
73 error fstream_class DirWriter
74 error code EACCES
75 error errno 3
76 error stack Error: EACCES, mkdir '/usr/local/lib/node_modules'
77 error fstream_stack /usr/lib/nodejs/fstream/lib/writer.js:171:23
77 error fstream_stack /usr/lib/nodejs/mkdirp/index.js:46:53
77 error fstream_stack Object.oncomplete (fs.js:107:15)
78 verbose exit [ 3, true ]
